This is pdfTeX, Version 3.1415926-1.40.10 (TeX Live 2009/Debian) (format=pdflatex 2013.9.17)  6 MAY 2014 17:01
entering extended mode
 %&-line parsing enabled.
**Grabats14.tex
(./Grabats14.tex
LaTeX2e <2009/09/24>
Babel <v3.8l> and hyphenation patterns for english, usenglishmax, dumylang, noh
yphenation, farsi, arabic, croatian, bulgarian, ukrainian, russian, czech, slov
ak, danish, dutch, finnish, french, basque, ngerman, german, german-x-2009-06-1
9, ngerman-x-2009-06-19, ibycus, monogreek, greek, ancientgreek, hungarian, san
skrit, italian, latin, latvian, lithuanian, mongolian2a, mongolian, bokmal, nyn
orsk, romanian, irish, coptic, serbian, turkish, welsh, esperanto, uppersorbian
, estonian, indonesian, interlingua, icelandic, kurmanji, slovenian, polish, po
rtuguese, spanish, galician, catalan, swedish, ukenglish, pinyin, loaded.
(./eceasst.cls
Document Class: eceasst 2009/07/08 ECEASST document class v1.6
(/usr/share/texmf-texlive/tex/latex/base/article.cls
Document Class: article 2007/10/19 v1.4h Standard LaTeX document class
(/usr/share/texmf-texlive/tex/latex/base/size11.clo
File: size11.clo 2007/10/19 v1.4h Standard LaTeX file (size option)
)
\c@part=\count79
\c@section=\count80
\c@subsection=\count81
\c@subsubsection=\count82
\c@paragraph=\count83
\c@subparagraph=\count84
\c@figure=\count85
\c@table=\count86
\abovecaptionskip=\skip41
\belowcaptionskip=\skip42
\bibindent=\dimen102
)
(/usr/share/texmf-texlive/tex/latex/psnfss/mathptmx.sty
Package: mathptmx 2005/04/12 PSNFSS-v9.2a Times w/ Math, improved (SPQR, WaS) 
LaTeX Font Info:    Redeclaring symbol font `operators' on input line 28.
LaTeX Font Info:    Overwriting symbol font `operators' in version `normal'
(Font)                  OT1/cmr/m/n --> OT1/ztmcm/m/n on input line 28.
LaTeX Font Info:    Overwriting symbol font `operators' in version `bold'
(Font)                  OT1/cmr/bx/n --> OT1/ztmcm/m/n on input line 28.
LaTeX Font Info:    Redeclaring symbol font `letters' on input line 29.
LaTeX Font Info:    Overwriting symbol font `letters' in version `normal'
(Font)                  OML/cmm/m/it --> OML/ztmcm/m/it on input line 29.
LaTeX Font Info:    Overwriting symbol font `letters' in version `bold'
(Font)                  OML/cmm/b/it --> OML/ztmcm/m/it on input line 29.
LaTeX Font Info:    Redeclaring symbol font `symbols' on input line 30.
LaTeX Font Info:    Overwriting symbol font `symbols' in version `normal'
(Font)                  OMS/cmsy/m/n --> OMS/ztmcm/m/n on input line 30.
LaTeX Font Info:    Overwriting symbol font `symbols' in version `bold'
(Font)                  OMS/cmsy/b/n --> OMS/ztmcm/m/n on input line 30.
LaTeX Font Info:    Redeclaring symbol font `largesymbols' on input line 31.
LaTeX Font Info:    Overwriting symbol font `largesymbols' in version `normal'
(Font)                  OMX/cmex/m/n --> OMX/ztmcm/m/n on input line 31.
LaTeX Font Info:    Overwriting symbol font `largesymbols' in version `bold'
(Font)                  OMX/cmex/m/n --> OMX/ztmcm/m/n on input line 31.
\symbold=\mathgroup4
\symitalic=\mathgroup5
LaTeX Font Info:    Redeclaring math alphabet \mathbf on input line 34.
LaTeX Font Info:    Overwriting math alphabet `\mathbf' in version `normal'
(Font)                  OT1/cmr/bx/n --> OT1/ptm/bx/n on input line 34.
LaTeX Font Info:    Overwriting math alphabet `\mathbf' in version `bold'
(Font)                  OT1/cmr/bx/n --> OT1/ptm/bx/n on input line 34.
LaTeX Font Info:    Redeclaring math alphabet \mathit on input line 35.
LaTeX Font Info:    Overwriting math alphabet `\mathit' in version `normal'
(Font)                  OT1/cmr/m/it --> OT1/ptm/m/it on input line 35.
LaTeX Font Info:    Overwriting math alphabet `\mathit' in version `bold'
(Font)                  OT1/cmr/bx/it --> OT1/ptm/m/it on input line 35.
LaTeX Info: Redefining \hbar on input line 50.
)
(/usr/share/texmf-texlive/tex/latex/psnfss/helvet.sty
Package: helvet 2005/04/12 PSNFSS-v9.2a (WaS) 

(/usr/share/texmf-texlive/tex/latex/graphics/keyval.sty
Package: keyval 1999/03/16 v1.13 key=value parser (DPC)
\KV@toks@=\toks14
))
(/usr/share/texmf-texlive/tex/latex/psnfss/courier.sty
Package: courier 2005/04/12 PSNFSS-v9.2a (WaS) 
)
(/usr/share/texmf-texlive/tex/latex/graphics/graphicx.sty
Package: graphicx 1999/02/16 v1.0f Enhanced LaTeX Graphics (DPC,SPQR)

(/usr/share/texmf-texlive/tex/latex/graphics/graphics.sty
Package: graphics 2009/02/05 v1.0o Standard LaTeX Graphics (DPC,SPQR)

(/usr/share/texmf-texlive/tex/latex/graphics/trig.sty
Package: trig 1999/03/16 v1.09 sin cos tan (DPC)
)
(/etc/texmf/tex/latex/config/graphics.cfg
File: graphics.cfg 2009/08/28 v1.8 graphics configuration of TeX Live
)
Package graphics Info: Driver file: pdftex.def on input line 91.

(/usr/share/texmf-texlive/tex/latex/pdftex-def/pdftex.def
File: pdftex.def 2010/03/12 v0.04p Graphics/color for pdfTeX
\Gread@gobject=\count87
))
\Gin@req@height=\dimen103
\Gin@req@width=\dimen104
)
(/usr/share/texmf-texlive/tex/latex/graphics/color.sty
Package: color 2005/11/14 v1.0j Standard LaTeX Color (DPC)

(/etc/texmf/tex/latex/config/color.cfg
File: color.cfg 2007/01/18 v1.5 color configuration of teTeX/TeXLive
)
Package color Info: Driver file: pdftex.def on input line 130.
)
(/usr/share/texmf-texlive/tex/latex/hyperref/hyperref.sty
Package: hyperref 2009/10/09 v6.79a Hypertext links for LaTeX

(/usr/share/texmf-texlive/tex/generic/oberdiek/ifpdf.sty
Package: ifpdf 2009/04/10 v2.0 Provides the ifpdf switch (HO)
Package ifpdf Info: pdfTeX in pdf mode detected.
)
(/usr/share/texmf-texlive/tex/generic/oberdiek/ifvtex.sty
Package: ifvtex 2008/11/04 v1.4 Switches for detecting VTeX and its modes (HO)
Package ifvtex Info: VTeX not detected.
)
(/usr/share/texmf-texlive/tex/generic/ifxetex/ifxetex.sty
Package: ifxetex 2009/01/23 v0.5 Provides ifxetex conditional
)
(/usr/share/texmf-texlive/tex/latex/oberdiek/hycolor.sty
Package: hycolor 2009/10/02 v1.5 Code for color options of hyperref/bookmark (H
O)

(/usr/share/texmf-texlive/tex/latex/oberdiek/xcolor-patch.sty
Package: xcolor-patch 2009/10/02 xcolor patch
))
\@linkdim=\dimen105
\Hy@linkcounter=\count88
\Hy@pagecounter=\count89

(/usr/share/texmf-texlive/tex/latex/hyperref/pd1enc.def
File: pd1enc.def 2009/10/09 v6.79a Hyperref: PDFDocEncoding definition (HO)
)
(/usr/share/texmf-texlive/tex/generic/oberdiek/etexcmds.sty
Package: etexcmds 2007/12/12 v1.2 Prefix for e-TeX command names (HO)

(/usr/share/texmf-texlive/tex/generic/oberdiek/infwarerr.sty
Package: infwarerr 2007/09/09 v1.2 Providing info/warning/message (HO)
)
Package etexcmds Info: Could not find \expanded.
(etexcmds)             That can mean that you are not using pdfTeX 1.50 or
(etexcmds)             that some package has redefined \expanded.
(etexcmds)             In the latter case, load this package earlier.
)
(/usr/share/texmf-texlive/tex/latex/latexconfig/hyperref.cfg
File: hyperref.cfg 2002/06/06 v1.2 hyperref configuration of TeXLive
)
(/usr/share/texmf-texlive/tex/latex/oberdiek/kvoptions.sty
Package: kvoptions 2009/08/13 v3.4 Keyval support for LaTeX options (HO)

(/usr/share/texmf-texlive/tex/generic/oberdiek/kvsetkeys.sty
Package: kvsetkeys 2009/07/30 v1.5 Key value parser with default handler suppor
t (HO)
))
Package hyperref Info: Option `colorlinks' set `true' on input line 2864.
Package hyperref Info: Hyper figures OFF on input line 2975.
Package hyperref Info: Link nesting OFF on input line 2980.
Package hyperref Info: Hyper index ON on input line 2983.
Package hyperref Info: Plain pages OFF on input line 2990.
Package hyperref Info: Backreferencing OFF on input line 2995.

Implicit mode ON; LaTeX internals redefined
Package hyperref Info: Bookmarks ON on input line 3191.
(/usr/share/texmf-texlive/tex/latex/ltxmisc/url.sty
\Urlmuskip=\muskip10
Package: url 2006/04/12  ver 3.3  Verb mode for urls, etc.
)
LaTeX Info: Redefining \url on input line 3428.

(/usr/share/texmf-texlive/tex/generic/oberdiek/bitset.sty
Package: bitset 2007/09/28 v1.0 Data type bit set (HO)

(/usr/share/texmf-texlive/tex/generic/oberdiek/intcalc.sty
Package: intcalc 2007/09/27 v1.1 Expandable integer calculations (HO)
)
(/usr/share/texmf-texlive/tex/generic/oberdiek/bigintcalc.sty
Package: bigintcalc 2007/11/11 v1.1 Expandable big integer calculations (HO)

(/usr/share/texmf-texlive/tex/generic/oberdiek/pdftexcmds.sty
Package: pdftexcmds 2009/09/23 v0.6 LuaTeX support for pdfTeX utility functions
 (HO)

(/usr/share/texmf-texlive/tex/generic/oberdiek/ifluatex.sty
Package: ifluatex 2009/04/17 v1.2 Provides the ifluatex switch (HO)
Package ifluatex Info: LuaTeX not detected.
)
(/usr/share/texmf-texlive/tex/generic/oberdiek/ltxcmds.sty
Package: ltxcmds 2009/08/05 v1.0 Some LaTeX kernel commands for general use (HO
)
)
Package pdftexcmds Info: LuaTeX not detected.
Package pdftexcmds Info: \pdf@primitive is available.
Package pdftexcmds Info: \pdf@ifprimitive is available.
)))
\Fld@menulength=\count90
\Field@Width=\dimen106
\Fld@charsize=\dimen107
\Field@toks=\toks15
Package hyperref Info: Hyper figures OFF on input line 4377.
Package hyperref Info: Link nesting OFF on input line 4382.
Package hyperref Info: Hyper index ON on input line 4385.
Package hyperref Info: backreferencing OFF on input line 4392.
Package hyperref Info: Link coloring ON on input line 4395.
Package hyperref Info: Link coloring with OCG OFF on input line 4402.
Package hyperref Info: PDF/A mode OFF on input line 4407.

(/usr/share/texmf-texlive/tex/generic/oberdiek/atbegshi.sty
Package: atbegshi 2008/07/31 v1.9 At begin shipout hook (HO)
)
\Hy@abspage=\count91
\c@Item=\count92
\c@Hfootnote=\count93
)
*hyperref using default driver hpdftex*
(/usr/share/texmf-texlive/tex/latex/hyperref/hpdftex.def
File: hpdftex.def 2009/10/09 v6.79a Hyperref driver for pdfTeX
\Fld@listcount=\count94
)
(/usr/share/texmf-texlive/tex/latex/oberdiek/hypcap.sty
Package: hypcap 2008/09/08 v1.10 Adjusting anchors of captions (HO)
)
(/usr/share/texmf-texlive/tex/latex/amsmath/amsmath.sty
Package: amsmath 2000/07/18 v2.13 AMS math features
\@mathmargin=\skip43

For additional information on amsmath, use the `?' option.
(/usr/share/texmf-texlive/tex/latex/amsmath/amstext.sty
Package: amstext 2000/06/29 v2.01

(/usr/share/texmf-texlive/tex/latex/amsmath/amsgen.sty
File: amsgen.sty 1999/11/30 v2.0
\@emptytoks=\toks16
\ex@=\dimen108
))
(/usr/share/texmf-texlive/tex/latex/amsmath/amsbsy.sty
Package: amsbsy 1999/11/29 v1.2d
\pmbraise@=\dimen109
)
(/usr/share/texmf-texlive/tex/latex/amsmath/amsopn.sty
Package: amsopn 1999/12/14 v2.01 operator names
)
\inf@bad=\count95
LaTeX Info: Redefining \frac on input line 211.
\uproot@=\count96
\leftroot@=\count97
LaTeX Info: Redefining \overline on input line 307.
\classnum@=\count98
\DOTSCASE@=\count99
LaTeX Info: Redefining \ldots on input line 379.
LaTeX Info: Redefining \dots on input line 382.
LaTeX Info: Redefining \cdots on input line 467.
\Mathstrutbox@=\box26
\strutbox@=\box27
\big@size=\dimen110
LaTeX Font Info:    Redeclaring font encoding OML on input line 567.
LaTeX Font Info:    Redeclaring font encoding OMS on input line 568.
\macc@depth=\count100
\c@MaxMatrixCols=\count101
\dotsspace@=\muskip11
\c@parentequation=\count102
\dspbrk@lvl=\count103
\tag@help=\toks17
\row@=\count104
\column@=\count105
\maxfields@=\count106
\andhelp@=\toks18
\eqnshift@=\dimen111
\alignsep@=\dimen112
\tagshift@=\dimen113
\tagwidth@=\dimen114
\totwidth@=\dimen115
\lineht@=\dimen116
\@envbody=\toks19
\multlinegap=\skip44
\multlinetaggap=\skip45
\mathdisplay@stack=\toks20
LaTeX Info: Redefining \[ on input line 2666.
LaTeX Info: Redefining \] on input line 2667.
)
(/usr/share/texmf-texlive/tex/latex/amscls/amsthm.sty
Package: amsthm 2004/08/06 v2.20
\thm@style=\toks21
\thm@bodyfont=\toks22
\thm@headfont=\toks23
\thm@notefont=\toks24
\thm@headpunct=\toks25
\thm@preskip=\skip46
\thm@postskip=\skip47
\thm@headsep=\skip48
\dth@everypar=\toks26
)
(/usr/share/texmf-texlive/tex/latex/amsfonts/amsfonts.sty
Package: amsfonts 2009/06/22 v3.00 Basic AMSFonts support
\symAMSa=\mathgroup6
\symAMSb=\mathgroup7
LaTeX Font Info:    Overwriting math alphabet `\mathfrak' in version `bold'
(Font)                  U/euf/m/n --> U/euf/b/n on input line 96.
)
(/usr/share/texmf-texlive/tex/latex/amsfonts/amssymb.sty
Package: amssymb 2009/06/22 v3.00
)
\c@theorem=\count107
\c@proposition=\count108
\c@lemma=\count109
\c@corollary=\count110
\c@definition=\count111
\c@algorithm=\count112
\c@remark=\count113
\c@example=\count114
)
(/usr/share/texmf-texlive/tex/latex/multirow/multirow.sty
\bigstrutjot=\dimen117
)
(/usr/share/texmf-texlive/tex/latex/stmaryrd/stmaryrd.sty
Package: stmaryrd 1994/03/03 St Mary's Road symbol package
\symstmry=\mathgroup8
LaTeX Font Info:    Overwriting symbol font `stmry' in version `bold'
(Font)                  U/stmry/m/n --> U/stmry/b/n on input line 89.
)
(/usr/share/texmf-texlive/tex/latex/amsfonts/euscript.sty
Package: euscript 2009/06/22 v3.00 Euler Script fonts
LaTeX Font Info:    Overwriting math alphabet `\EuScript' in version `bold'
(Font)                  U/eus/m/n --> U/eus/b/n on input line 33.
)
(/usr/share/texmf-texlive/tex/latex/amsrefs/textcmds.sty
Package: textcmds 2007/10/19 v1.06
)
(/usr/share/texmf-texlive/tex/latex/wasysym/wasysym.sty
Package: wasysym 2003/10/30 v2.0 Wasy-2 symbol support package
\symwasy=\mathgroup9
LaTeX Font Info:    Overwriting symbol font `wasy' in version `bold'
(Font)                  U/wasy/m/n --> U/wasy/b/n on input line 90.
) (./frontmatter.tex)
(./Grabats14.aux)
\openout1 = `Grabats14.aux'.

LaTeX Font Info:    Checking defaults for OML/cmm/m/it on input line 33.
LaTeX Font Info:    ... okay on input line 33.
LaTeX Font Info:    Checking defaults for T1/cmr/m/n on input line 33.
LaTeX Font Info:    ... okay on input line 33.
LaTeX Font Info:    Checking defaults for OT1/cmr/m/n on input line 33.
LaTeX Font Info:    ... okay on input line 33.
LaTeX Font Info:    Checking defaults for OMS/cmsy/m/n on input line 33.
LaTeX Font Info:    ... okay on input line 33.
LaTeX Font Info:    Checking defaults for OMX/cmex/m/n on input line 33.
LaTeX Font Info:    ... okay on input line 33.
LaTeX Font Info:    Checking defaults for U/cmr/m/n on input line 33.
LaTeX Font Info:    ... okay on input line 33.
LaTeX Font Info:    Checking defaults for PD1/pdf/m/n on input line 33.
LaTeX Font Info:    ... okay on input line 33.
LaTeX Font Info:    Try loading font information for OT1+ptm on input line 33.
 (/usr/share/texmf-texlive/tex/latex/psnfss/ot1ptm.fd
File: ot1ptm.fd 2001/06/04 font definitions for OT1/ptm.
)
(/usr/share/texmf-texlive/tex/context/base/supp-pdf.mkii
[Loading MPS to PDF converter (version 2006.09.02).]
\scratchcounter=\count115
\scratchdimen=\dimen118
\scratchbox=\box28
\nofMPsegments=\count116
\nofMParguments=\count117
\everyMPshowfont=\toks27
\MPscratchCnt=\count118
\MPscratchDim=\dimen119
\MPnumerator=\count119
\everyMPtoPDFconversion=\toks28
)
Package hyperref Info: Link coloring ON on input line 33.
 (/usr/share/texmf-texlive/tex/latex/hyperref/nameref.sty
Package: nameref 2007/05/29 v2.31 Cross-referencing by name of section

(/usr/share/texmf-texlive/tex/latex/oberdiek/refcount.sty
Package: refcount 2008/08/11 v3.1 Data extraction from references (HO)
)
\c@section@level=\count120
)
LaTeX Info: Redefining \ref on input line 33.
LaTeX Info: Redefining \pageref on input line 33.
 (./Grabats14.out)
(./Grabats14.out)
\@outlinefile=\write3
\openout3 = `Grabats14.out'.

\AtBeginShipoutBox=\box29
LaTeX Font Info:    Try loading font information for OT1+phv on input line 34.
 (/usr/share/texmf-texlive/tex/latex/psnfss/ot1phv.fd
File: ot1phv.fd 2001/06/04 scalable font definitions for OT1/phv.
)
LaTeX Font Info:    Font shape `OT1/phv/m/n' will be
(Font)              scaled to size 9.85492pt on input line 34.
LaTeX Font Info:    Font shape `OT1/phv/m/n' will be
(Font)              scaled to size 15.55188pt on input line 34.
LaTeX Font Info:    Try loading font information for OT1+ztmcm on input line 34
.

(/usr/share/texmf-texlive/tex/latex/psnfss/ot1ztmcm.fd
File: ot1ztmcm.fd 2000/01/03 Fontinst v1.801 font definitions for OT1/ztmcm.
)
LaTeX Font Info:    Try loading font information for OML+ztmcm on input line 34
.

(/usr/share/texmf-texlive/tex/latex/psnfss/omlztmcm.fd
File: omlztmcm.fd 2000/01/03 Fontinst v1.801 font definitions for OML/ztmcm.
)
LaTeX Font Info:    Try loading font information for OMS+ztmcm on input line 34
.

(/usr/share/texmf-texlive/tex/latex/psnfss/omsztmcm.fd
File: omsztmcm.fd 2000/01/03 Fontinst v1.801 font definitions for OMS/ztmcm.
)
LaTeX Font Info:    Try loading font information for OMX+ztmcm on input line 34
.

(/usr/share/texmf-texlive/tex/latex/psnfss/omxztmcm.fd
File: omxztmcm.fd 2000/01/03 Fontinst v1.801 font definitions for OMX/ztmcm.
)
LaTeX Font Info:    Font shape `OT1/ptm/bx/n' in size <10.95> not available
(Font)              Font shape `OT1/ptm/b/n' tried instead on input line 34.
LaTeX Font Info:    Font shape `OT1/ptm/bx/n' in size <8> not available
(Font)              Font shape `OT1/ptm/b/n' tried instead on input line 34.
LaTeX Font Info:    Font shape `OT1/ptm/bx/n' in size <6> not available
(Font)              Font shape `OT1/ptm/b/n' tried instead on input line 34.
LaTeX Font Info:    Try loading font information for U+stmry on input line 34.

(/usr/share/texmf-texlive/tex/latex/stmaryrd/Ustmry.fd)
LaTeX Font Info:    Try loading font information for U+wasy on input line 34.

(/usr/share/texmf-texlive/tex/latex/wasysym/uwasy.fd
File: uwasy.fd 2003/10/30 v2.0 Wasy-2 symbol font definitions
)
<easst.pdf, id=23, 136.51pt x 134.5025pt>
File: easst.pdf Graphic file (type pdf)
 <use easst.pdf>
LaTeX Font Info:    Try loading font information for OT1+pcr on input line 34.

(/usr/share/texmf-texlive/tex/latex/psnfss/ot1pcr.fd
File: ot1pcr.fd 2001/06/04 font definitions for OT1/pcr.
) [0

{/var/lib/texmf/fonts/map/pdftex/updmap/pdftex.map} <./easst.pdf>]
LaTeX Font Info:    Font shape `OT1/ptm/bx/n' in size <14.4> not available
(Font)              Font shape `OT1/ptm/b/n' tried instead on input line 34.
LaTeX Font Info:    Font shape `OT1/ptm/bx/n' in size <12> not available
(Font)              Font shape `OT1/ptm/b/n' tried instead on input line 34.
LaTeX Font Info:    Font shape `OT1/pcr/bx/n' in size <12> not available
(Font)              Font shape `OT1/pcr/b/n' tried instead on input line 34.
LaTeX Font Info:    Font shape `OT1/ptm/bx/n' in size <9> not available
(Font)              Font shape `OT1/ptm/b/n' tried instead on input line 34.
LaTeX Font Info:    Font shape `OT1/ptm/bx/n' in size <7> not available
(Font)              Font shape `OT1/ptm/b/n' tried instead on input line 34.

Overfull \hbox (3.29002pt too wide) in paragraph at lines 34--34
[]\OT1/ptm/b/n/10.95 Keywords: \OT1/ptm/m/n/10.95 model driven en-gi-neer-ing, 
model trans-for-ma-tion, meta-mod-elling, rewrit-
 []

File: easst.pdf Graphic file (type pdf)
<use easst.pdf> [1]
Overfull \hbox (0.38118pt too wide) in paragraph at lines 78--80
[]\OT1/ptm/m/it/10.95 Remark \OT1/ptm/m/n/10.95 1 []\OT1/ptm/m/sl/10.95 A pred-
i-cate $\OML/ztmcm/m/it/10.95 p \OMS/ztmcm/m/n/10.95 2 \OML/ztmcm/m/it/10.95 P[
]$ \OT1/ptm/m/sl/10.95 is ei-ther a \OT1/ptm/m/it/10.95 pred-i-cate con-straint
 \OT1/ptm/m/sl/10.95 (de-noted as $\OML/ztmcm/m/it/10.95 dom\OT1/ztmcm/m/n/10.9
5 (\OML/ztmcm/m/it/10.95 []\OT1/ztmcm/m/n/10.95 )$\OT1/ptm/m/sl/10.95 ), iff $
\OML/ztmcm/m/it/10.95 []\OT1/ztmcm/m/n/10.95 (\OML/ztmcm/m/it/10.95 p\OT1/ztmc
m/m/n/10.95 ) \OMS/ztmcm/m/n/10.95 6\OT1/ztmcm/m/n/10.95 =
 []

LaTeX Font Info:    Font shape `OT1/ptm/bx/n' in size <10> not available
(Font)              Font shape `OT1/ptm/b/n' tried instead on input line 88.
LaTeX Font Info:    Font shape `OT1/ptm/bx/n' in size <7.4> not available
(Font)              Font shape `OT1/ptm/b/n' tried instead on input line 88.


pdfTeX warning: /usr/bin/pdflatex (file ./images/mult.pdf): PDF inclusion: foun
d PDF version <1.5>, but at most version <1.4> allowed
<images/mult.pdf, id=63, 97.90259pt x 19.99384pt>
File: images/mult.pdf Graphic file (type pdf)
 <use images/mult.pdf>

pdfTeX warning: /usr/bin/pdflatex (file ./images/mult_vis.pdf): PDF inclusion: 
found PDF version <1.5>, but at most version <1.4> allowed
<images/mult_vis.pdf, id=65, 116.8114pt x 30.2559pt>
File: images/mult_vis.pdf Graphic file (type pdf)
 <use images/mult_vis.pdf>

pdfTeX warning: /usr/bin/pdflatex (file ./images/irr_arity.pdf): PDF inclusion:
 found PDF version <1.5>, but at most version <1.4> allowed
<images/irr_arity.pdf, id=67, 33.57281pt x 38.99294pt>
File: images/irr_arity.pdf Graphic file (type pdf)

<use images/irr_arity.pdf>

pdfTeX warning: /usr/bin/pdflatex (file ./images/irr_vis.pdf): PDF inclusion: f
ound PDF version <1.5>, but at most version <1.4> allowed
<images/irr_vis.pdf, id=69, 58.0528pt x 47.59937pt>
File: images/irr_vis.pdf Graphic file (type pdf)
 <use images/irr_vis.pdf>
File: images/mult.pdf Graphic file (type pdf)

<use images/mult.pdf>

pdfTeX warning: /usr/bin/pdflatex (file ./images/inj_vis.pdf): PDF inclusion: f
ound PDF version <1.5>, but at most version <1.4> allowed
<images/inj_vis.pdf, id=71, 116.8114pt x 31.47923pt>
File: images/inj_vis.pdf Graphic file (type pdf)
 <use images/inj_vis.pdf>
File: images/mult.pdf Graphic file (type pdf)

<use images/mult.pdf>

pdfTeX warning: /usr/bin/pdflatex (file ./images/surj_vis.pdf): PDF inclusion: 
found PDF version <1.5>, but at most version <1.4> allowed
<images/surj_vis.pdf, id=73, 116.8114pt x 31.47923pt>
File: images/surj_vis.pdf Graphic file (type pdf)

<use images/surj_vis.pdf>

pdfTeX warning: /usr/bin/pdflatex (file ./images/inv_1.pdf): PDF inclusion: fou
nd PDF version <1.5>, but at most version <1.4> allowed
<images/inv_1.pdf, id=75, 96.06494pt x 60.7726pt>
File: images/inv_1.pdf Graphic file (type pdf)
 <use images/inv_1.pdf>

pdfTeX warning: /usr/bin/pdflatex (file ./images/inv_vis.pdf): PDF inclusion: f
ound PDF version <1.5>, but at most version <1.4> allowed
<images/inv_vis.pdf, id=77, 131.2654pt x 73.34546pt>
File: images/inv_vis.pdf Graphic file (type pdf)
 <use images/inv_vis.pdf>

pdfTeX warning: /usr/bin/pdflatex (file ./images/img_1.pdf): PDF inclusion: fou
nd PDF version <1.5>, but at most version <1.4> allowed
<images/img_1.pdf, id=79, 96.06494pt x 60.7726pt>
File: images/img_1.pdf Graphic file (type pdf)
 <use images/img_1.pdf>

pdfTeX warning: /usr/bin/pdflatex (file ./images/img_vis.pdf): PDF inclusion: f
ound PDF version <1.5>, but at most version <1.4> allowed
<images/img_vis.pdf, id=81, 131.2654pt x 73.34546pt>
File: images/img_vis.pdf Graphic file (type pdf)
 <use images/img_vis.pdf>
File: easst.pdf Graphic file (type pdf)

<use easst.pdf>
Overfull \vbox (1.75047pt too high) has occurred while \output is active []


[2 <./images/mult.pdf> <./images/mult_vis.pdf> <./images/irr_arity.pdf> <./imag
es/irr_vis.pdf> <./images/inj_vis.pdf> <./images/surj_vis.pdf> <./images/inv_1.
pdf> <./images/inv_vis.pdf> <./images/img_1.pdf> <./images/img_vis.pdf>]

pdfTeX warning: /usr/bin/pdflatex (file ./images/inv-hom-set.pdf): PDF inclusio
n: found PDF version <1.5>, but at most version <1.4> allowed
<images/inv-hom-set.pdf, id=253, 425.59505pt x 101.65855pt>
File: images/inv-hom-set.pdf Graphic file (type pdf)

<use images/inv-hom-set.pdf>

pdfTeX warning: /usr/bin/pdflatex (file ./images/inv-1.pdf): PDF inclusion: fou
nd PDF version <1.5>, but at most version <1.4> allowed
<images/inv-1.pdf, id=257, 96.48547pt x 47.72908pt>
File: images/inv-1.pdf Graphic file (type pdf)
 <use images/inv-1.pdf>

pdfTeX warning: /usr/bin/pdflatex (file ./images/inv-R.pdf): PDF inclusion: fou
nd PDF version <1.5>, but at most version <1.4> allowed
<images/inv-R.pdf, id=259, 96.48547pt x 48.5402pt>
File: images/inv-R.pdf Graphic file (type pdf)
 <use images/inv-R.pdf>

pdfTeX warning: /usr/bin/pdflatex (file ./images/inv-vis.pdf): PDF inclusion: f
ound PDF version <1.5>, but at most version <1.4> allowed
<images/inv-vis.pdf, id=261, 96.48547pt x 48.5402pt>
File: images/inv-vis.pdf Graphic file (type pdf)
 <use images/inv-vis.pdf>
Overfull \vbox (7.06898pt too high) detected at line 137
 []



pdfTeX warning: /usr/bin/pdflatex (file ./images/inv-2.pdf): PDF inclusion: fou
nd PDF version <1.5>, but at most version <1.4> allowed
<images/inv-2.pdf, id=263, 96.48547pt x 47.72908pt>
File: images/inv-2.pdf Graphic file (type pdf)
 <use images/inv-2.pdf>
File: images/inv-R.pdf Graphic file (type pdf)

<use images/inv-R.pdf>

pdfTeX warning: /usr/bin/pdflatex (file ./images/comp-L.pdf): PDF inclusion: fo
und PDF version <1.5>, but at most version <1.4> allowed
<images/comp-L.pdf, id=265, 96.7364pt x 68.33835pt>
File: images/comp-L.pdf Graphic file (type pdf)
 <use images/comp-L.pdf>

pdfTeX warning: /usr/bin/pdflatex (file ./images/comp-R.pdf): PDF inclusion: fo
und PDF version <1.5>, but at most version <1.4> allowed
<images/comp-R.pdf, id=267, 96.7364pt x 68.33835pt>
File: images/comp-R.pdf Graphic file (type pdf)
 <use images/comp-R.pdf>

pdfTeX warning: /usr/bin/pdflatex (file ./images/comp-vis.pdf): PDF inclusion: 
found PDF version <1.5>, but at most version <1.4> allowed
<images/comp-vis.pdf, id=269, 96.7364pt x 68.33835pt>
File: images/comp-vis.pdf Graphic file (type pdf)

<use images/comp-vis.pdf>
File: easst.pdf Graphic file (type pdf)
 <use easst.pdf> [3 <./images/inv-hom-set.pdf> <./images/inv-1.pdf> <./images/i
nv-R.pdf> <./images/inv-vis.pdf> <./images/inv-2.pdf> <./images/comp-L.pdf> <./
images/comp-R.pdf> <./images/comp-vis.pdf>]

pdfTeX warning: /usr/bin/pdflatex (file ./images/entity-1.pdf): PDF inclusion: 
found PDF version <1.5>, but at most version <1.4> allowed
<images/entity-1.pdf, id=355, 383.8842pt x 268.87825pt>
File: images/entity-1.pdf Graphic file (type pdf)

<use images/entity-1.pdf>

pdfTeX warning: /usr/bin/pdflatex (file ./images/entity-1-pullback.pdf): PDF in
clusion: found PDF version <1.5>, but at most version <1.4> allowed
<images/entity-1-pullback.pdf, id=362, 488.39967pt x 179.62012pt>
File: images/entity-1-pullback.pdf Graphic file (type pdf)

<use images/entity-1-pullback.pdf>
Underfull \vbox (badness 1152) has occurred while \output is active []

File: easst.pdf Graphic file (type pdf)

<use easst.pdf>
Overfull \vbox (1.75047pt too high) has occurred while \output is active []


[4 <./images/entity-1.pdf>]
File: images/mult.pdf Graphic file (type pdf)
 <use images/mult.pdf>

pdfTeX warning: /usr/bin/pdflatex (file ./images/atomic_delta1.pdf): PDF inclus
ion: found PDF version <1.5>, but at most version <1.4> allowed
<images/atomic_delta1.pdf, id=394, 175.80681pt x 19.043pt>
File: images/atomic_delta1.pdf Graphic file (type pdf)

<use images/atomic_delta1.pdf>
File: images/mult.pdf Graphic file (type pdf)
 <use images/mult.pdf>

pdfTeX warning: /usr/bin/pdflatex (file ./images/atomic_delta2.pdf): PDF inclus
ion: found PDF version <1.5>, but at most version <1.4> allowed
<images/atomic_delta2.pdf, id=396, 175.80681pt x 19.29001pt>
File: images/atomic_delta2.pdf Graphic file (type pdf)

<use images/atomic_delta2.pdf>
File: images/mult.pdf Graphic file (type pdf)
 <use images/mult.pdf>

pdfTeX warning: /usr/bin/pdflatex (file ./images/atomic_delta3.pdf): PDF inclus
ion: found PDF version <1.5>, but at most version <1.4> allowed
<images/atomic_delta3.pdf, id=398, 175.80681pt x 19.29001pt>
File: images/atomic_delta3.pdf Graphic file (type pdf)

<use images/atomic_delta3.pdf>
File: images/inv_1.pdf Graphic file (type pdf)
 <use images/inv_1.pdf>

pdfTeX warning: /usr/bin/pdflatex (file ./images/atomic_delta4.pdf): PDF inclus
ion: found PDF version <1.5>, but at most version <1.4> allowed
<images/atomic_delta4.pdf, id=400, 175.80681pt x 43.64935pt>
File: images/atomic_delta4.pdf Graphic file (type pdf)

<use images/atomic_delta4.pdf>
File: images/img_1.pdf Graphic file (type pdf)
 <use images/img_1.pdf>

pdfTeX warning: /usr/bin/pdflatex (file ./images/atomic_delta5.pdf): PDF inclus
ion: found PDF version <1.5>, but at most version <1.4> allowed
<images/atomic_delta5.pdf, id=402, 175.80681pt x 43.64935pt>
File: images/atomic_delta5.pdf Graphic file (type pdf)

<use images/atomic_delta5.pdf>
LaTeX Font Info:    Font shape `OT1/ptm/bx/n' in size <5> not available
(Font)              Font shape `OT1/ptm/b/n' tried instead on input line 258.
File: images/inv-1.pdf Graphic file (type pdf)
 <use images/inv-1.pdf>
File: images/inv-R.pdf Graphic file (type pdf)
 <use images/inv-R.pdf>

pdfTeX warning: /usr/bin/pdflatex (file ./images/inv-1-delta.pdf): PDF inclusio
n: found PDF version <1.5>, but at most version <1.4> allowed
<images/inv-1-delta.pdf, id=404, 162.08054pt x 55.99918pt>
File: images/inv-1-delta.pdf Graphic file (type pdf)

<use images/inv-1-delta.pdf>

pdfTeX warning: /usr/bin/pdflatex (file ./images/inv-R-delta.pdf): PDF inclusio
n: found PDF version <1.5>, but at most version <1.4> allowed
<images/inv-R-delta.pdf, id=406, 162.18091pt x 50.32108pt>
File: images/inv-R-delta.pdf Graphic file (type pdf)

<use images/inv-R-delta.pdf>
File: images/inv-2.pdf Graphic file (type pdf)
 <use images/inv-2.pdf>
File: images/inv-R.pdf Graphic file (type pdf)
 <use images/inv-R.pdf>

pdfTeX warning: /usr/bin/pdflatex (file ./images/inv-2-delta.pdf): PDF inclusio
n: found PDF version <1.5>, but at most version <1.4> allowed
<images/inv-2-delta.pdf, id=408, 160.85094pt x 54.78242pt>
File: images/inv-2-delta.pdf Graphic file (type pdf)

<use images/inv-2-delta.pdf>
File: images/inv-R-delta.pdf Graphic file (type pdf)
 <use images/inv-R-delta.pdf>
File: images/comp-L.pdf Graphic file (type pdf)

<use images/comp-L.pdf>
File: images/comp-R.pdf Graphic file (type pdf)
 <use images/comp-R.pdf>

pdfTeX warning: /usr/bin/pdflatex (file ./images/comp-L-delta.pdf): PDF inclusi
on: found PDF version <1.5>, but at most version <1.4> allowed
<images/comp-L-delta.pdf, id=410, 178.11371pt x 68.34651pt>
File: images/comp-L-delta.pdf Graphic file (type pdf)

<use images/comp-L-delta.pdf>

pdfTeX warning: /usr/bin/pdflatex (file ./images/comp-R-delta.pdf): PDF inclusi
on: found PDF version <1.5>, but at most version <1.4> allowed
<images/comp-R-delta.pdf, id=412, 169.08168pt x 67.95387pt>
File: images/comp-R-delta.pdf Graphic file (type pdf)

<use images/comp-R-delta.pdf>
Overfull \hbox (7.6931pt too wide) in paragraph at lines 254--273
 [] 
 []


LaTeX Warning: `h' float specifier changed to `ht'.

File: easst.pdf Graphic file (type pdf)
<use easst.pdf> [5 <./images/entity-1-pullback.pdf> <./images/atomic_delta1.pdf
> <./images/atomic_delta2.pdf> <./images/atomic_delta3.pdf> <./images/atomic_de
lta4.pdf> <./images/atomic_delta5.pdf>]

pdfTeX warning: /usr/bin/pdflatex (file ./images/entity-1-full.pdf): PDF inclus
ion: found PDF version <1.5>, but at most version <1.4> allowed
<images/entity-1-full.pdf, id=500, 383.25685pt x 213.80394pt>
File: images/entity-1-full.pdf Graphic file (type pdf)

<use images/entity-1-full.pdf>

pdfTeX warning: /usr/bin/pdflatex (file ./images/dpo.pdf): PDF inclusion: found
 PDF version <1.5>, but at most version <1.4> allowed
<images/dpo.pdf, id=502, 427.82445pt x 130.33443pt>
File: images/dpo.pdf Graphic file (type pdf)
 <use images/dpo.pdf>
Underfull \vbox (badness 2680) has occurred while \output is active []

File: easst.pdf Graphic file (type pdf)

<use easst.pdf>
Overfull \vbox (1.75047pt too high) has occurred while \output is active []


[6 <./images/inv-1-delta.pdf> <./images/inv-R-delta.pdf> <./images/inv-2-delta.
pdf> <./images/comp-L-delta.pdf> <./images/comp-R-delta.pdf> <./images/entity-1
-full.pdf>]
File: images/inv-1.pdf Graphic file (type pdf)
 <use images/inv-1.pdf>

pdfTeX warning: /usr/bin/pdflatex (file ./images/nonterm-1.pdf): PDF inclusion:
 found PDF version <1.5>, but at most version <1.4> allowed
<images/nonterm-1.pdf, id=571, 96.48547pt x 15.69678pt>
File: images/nonterm-1.pdf Graphic file (type pdf)

<use images/nonterm-1.pdf>
File: images/inv-2.pdf Graphic file (type pdf)
 <use images/inv-2.pdf>

pdfTeX warning: /usr/bin/pdflatex (file ./images/nonterm-2.pdf): PDF inclusion:
 found PDF version <1.5>, but at most version <1.4> allowed
<images/nonterm-2.pdf, id=573, 96.48547pt x 17.25316pt>
File: images/nonterm-2.pdf Graphic file (type pdf)

<use images/nonterm-2.pdf>
File: easst.pdf Graphic file (type pdf)
 <use easst.pdf> [7 <./images/dpo.pdf> <./images/nonterm-1.pdf> <./images/nonte
rm-2.pdf>]
File: images/inv-1.pdf Graphic file (type pdf)
 <use images/inv-1.pdf>

pdfTeX warning: /usr/bin/pdflatex (file ./images/nonconfluent.pdf): PDF inclusi
on: found PDF version <1.5>, but at most version <1.4> allowed
<images/nonconfluent.pdf, id=654, 96.48547pt x 17.25316pt>
File: images/nonconfluent.pdf Graphic file (type pdf)

<use images/nonconfluent.pdf>
File: images/inv-1.pdf Graphic file (type pdf)
 <use images/inv-1.pdf>

pdfTeX warning: /usr/bin/pdflatex (file ./images/nonconfluent2.pdf): PDF inclus
ion: found PDF version <1.5>, but at most version <1.4> allowed
<images/nonconfluent2.pdf, id=656, 96.48547pt x 17.25316pt>
File: images/nonconfluent2.pdf Graphic file (type pdf)

<use images/nonconfluent2.pdf>
<images/dpfmaude.png, id=659, 766.36313pt x 458.46281pt>
File: images/dpfmaude.png Graphic file (type png)

<use images/dpfmaude.png>

LaTeX Warning: `h' float specifier changed to `ht'.


Overfull \hbox (7.58635pt too wide) in paragraph at lines 430--435
\OT1/ptm/m/n/10.95 pro-gram-ming and met-a-lan-guage ap-pli-ca-tions may be fou
nd from Chap-ters 14 and 17 of [[]].
 []

File: easst.pdf Graphic file (type pdf)
<use easst.pdf>
Overfull \vbox (1.75047pt too high) has occurred while \output is active []


[8 <./images/nonconfluent.pdf> <./images/nonconfluent2.pdf>]

pdfTeX warning: /usr/bin/pdflatex (file ./images/mof.pdf): PDF inclusion: found
 PDF version <1.5>, but at most version <1.4> allowed
<images/mof.pdf, id=684, 322.87613pt x 124.06349pt>
File: images/mof.pdf Graphic file (type pdf)
 <use images/mof.pdf>
Underfull \vbox (badness 10000) has occurred while \output is active []

File: easst.pdf Graphic file (type pdf)

<use easst.pdf> [9 <./images/dpfmaude.png (PNG copy)>]

pdfTeX warning: /usr/bin/pdflatex (file ./images/mof-dpf.pdf): PDF inclusion: f
ound PDF version <1.5>, but at most version <1.4> allowed
<images/mof-dpf.pdf, id=691, 547.4079pt x 203.21869pt>
File: images/mof-dpf.pdf Graphic file (type pdf)

<use images/mof-dpf.pdf>
Overfull \hbox (15.07013pt too wide) in paragraph at lines 485--486
[]\OT1/ptm/m/n/10.95 Part of $\OML/ztmcm/m/it/10.95 sorts$\OT1/ptm/m/n/10.95 , 
$\OML/ztmcm/m/it/10.95 subsorts$ \OT1/ptm/m/n/10.95 and $\OML/ztmcm/m/it/10.95 
operator$ \OT1/ptm/m/n/10.95 dec-la-ra-tions of maude spec-i-fi-ca-tion re-late
d to the $\OML/ztmcm/m/it/10.95 AttributeSet$
 []

File: easst.pdf Graphic file (type pdf)
<use easst.pdf>
Overfull \vbox (1.75047pt too high) has occurred while \output is active []


[10 <./images/mof.pdf> <./images/mof-dpf.pdf>]

pdfTeX warning: /usr/bin/pdflatex (file ./images/stepwise-dpf.pdf): PDF inclusi
on: found PDF version <1.5>, but at most version <1.4> allowed
<images/stepwise-dpf.pdf, id=739, 298.84148pt x 230.15999pt>
File: images/stepwise-dpf.pdf Graphic file (type pdf)

<use images/stepwise-dpf.pdf> (./Grabats14.bbl
File: easst.pdf Graphic file (type pdf)
 <use easst.pdf> [11 <./images/stepwise-dpf.pdf>])
File: easst.pdf Graphic file (type pdf)
 <use easst.pdf>
Overfull \vbox (1.75047pt too high) has occurred while \output is active []


[12] (./Grabats14.aux) ) 
Here is how much of TeX's memory you used:
 6235 strings out of 493848
 87234 string characters out of 1152823
 162296 words of memory out of 3000000
 9224 multiletter control sequences out of 15000+50000
 73439 words of font info for 174 fonts, out of 3000000 for 9000
 714 hyphenation exceptions out of 8191
 45i,20n,36p,335b,427s stack positions out of 5000i,500n,10000p,200000b,50000s
{/usr/share/texmf-texlive/fonts/enc/dvips/base/8r.enc}<
/usr/share/texmf-texlive/fonts/type1/public/amsfonts/cm/cmmi10.pfb></usr/share/
texmf-texlive/fonts/type1/public/amsfonts/cm/cmr10.pfb></usr/share/texmf-texliv
e/fonts/type1/public/amsfonts/cm/cmsy10.pfb></usr/share/texmf-texlive/fonts/typ
e1/public/amsfonts/euler/eufm10.pfb></usr/share/texmf-texlive/fonts/type1/publi
c/amsfonts/euler/eufm7.pfb></usr/share/texmf-texlive/fonts/type1/hoekwater/stma
ryrd/stmary10.pfb></usr/share/texmf-texlive/fonts/type1/urw/courier/ucrb8a.pfb>
</usr/share/texmf-texlive/fonts/type1/urw/courier/ucrr8a.pfb></usr/share/texmf-
texlive/fonts/type1/urw/helvetic/uhvr8a.pfb></usr/share/texmf-texlive/fonts/typ
e1/urw/symbol/usyr.pfb></usr/share/texmf-texlive/fonts/type1/urw/symbol/usyr.pf
b></usr/share/texmf-texlive/fonts/type1/urw/times/utmb8a.pfb></usr/share/texmf-
texlive/fonts/type1/urw/times/utmr8a.pfb></usr/share/texmf-texlive/fonts/type1/
urw/times/utmr8a.pfb></usr/share/texmf-texlive/fonts/type1/urw/times/utmri8a.pf
b></usr/share/texmf-texlive/fonts/type1/public/wasy/wasy10.pfb>
Output written on Grabats14.pdf (13 pages, 729277 bytes).
PDF statistics:
 830 PDF objects out of 1000 (max. 8388607)
 48 named destinations out of 1000 (max. 500000)
 246 words of extra memory for PDF output out of 10000 (max. 10000000)

